Build started 15/02/2014 1:13:12 PM.
     1>Project "C:\Users\Jake\Desktop\chai3d\examples\msvc9\50-GEL-membrane\GEL-membrane.vcxproj" on node 2 (build target(s)).
     1>InitializeBuildStatus:
         Creating "Debug\50 - GEL-membrane.unsuccessfulbuild" because "AlwaysCreate" was specified.
       ClCompile:
         C:\Program Files (x86)\Microsoft Visual Studio 10.0\VC\bin\CL.exe /c /I../../../src /I../../../modules/GEL/ /I../../../external/OpenGL/msvc /ZI /nologo /W3 /WX- /Od /Oy- /D WIN32 /D _DEBUG /D _CONSOLE /D _MSVC /D WINVER=0X0500 /D _VC80_UPGRADE=0x0710 /D _MBCS /Gm /EHsc /RTC1 /MDd /GS /fp:precise /Zc:wchar_t /Zc:forScope /GR /Yc"StdAfx.h" /Fp"Debug\50 - GEL-membrane.pch" /Fo"Debug\\" /Fd"Debug\vc100.pdb" /Gd /TP /analyze- /errorReport:prompt stdafx.cpp
         stdafx.cpp
         C:\Program Files (x86)\Microsoft Visual Studio 10.0\VC\bin\CL.exe /c /I../../../src /I../../../modules/GEL/ /I../../../external/OpenGL/msvc /ZI /nologo /W3 /WX- /Od /Oy- /D WIN32 /D _DEBUG /D _CONSOLE /D _MSVC /D WINVER=0X0500 /D _VC80_UPGRADE=0x0710 /D _MBCS /Gm /EHsc /RTC1 /MDd /GS /fp:precise /Zc:wchar_t /Zc:forScope /GR /Fo"Debug\\" /Fd"Debug\vc100.pdb" /Gd /TP /analyze- /errorReport:prompt "src\50-GEL-membrane.cpp"
         50-GEL-membrane.cpp
       ManifestResourceCompile:
         C:\Program Files (x86)\Microsoft SDKs\Windows\v7.0A\bin\rc.exe /nologo /fo"Debug\50 - GEL-membrane.exe.embed.manifest.res" "Debug\50 - GEL-membrane_manifest.rc" 
     1>C:\Program Files (x86)\MSBuild\Microsoft.Cpp\v4.0\Microsoft.CppBuild.targets(990,5): warning MSB8012: TargetPath(C:\Users\Jake\Desktop\chai3d\examples\msvc9\50-GEL-membrane\Debug\50 - GEL-membrane.exe) does not match the Linker's OutputFile property value (C:\Users\Jake\Desktop\chai3d\bin\50-GEL-membrane.exe). This may cause your project to build incorrectly. To correct this, please make sure that $(OutDir), $(TargetName) and $(TargetExt) property values match the value specified in %(Link.OutputFile).
     1>C:\Program Files (x86)\MSBuild\Microsoft.Cpp\v4.0\Microsoft.CppBuild.targets(992,5): warning MSB8012: TargetName(50 - GEL-membrane) does not match the Linker's OutputFile property value (50-GEL-membrane). This may cause your project to build incorrectly. To correct this, please make sure that $(OutDir), $(TargetName) and $(TargetExt) property values match the value specified in %(Link.OutputFile).
       Link:
         C:\Program Files (x86)\Microsoft Visual Studio 10.0\VC\bin\link.exe /ERRORREPORT:PROMPT /OUT:"../../../bin/50-GEL-membrane.exe" /INCREMENTAL /NOLOGO /LIBPATH:../../../lib/msvc9 /LIBPATH:../../../external/OpenGL/msvc winmm.lib opengl32.lib "chai3d-debug.lib" glu32.lib odbc32.lib odbccp32.lib kernel32.lib user32.lib gdi32.lib winspool.lib comdlg32.lib advapi32.lib shell32.lib ole32.lib oleaut32.lib uuid.lib odbc32.lib odbccp32.lib /MANIFEST /ManifestFile:"Debug\50 - GEL-membrane.exe.intermediate.manifest" /MANIFESTUAC:"level='asInvoker' uiAccess='false'" /DEBUG /PDB:"Debug\GEL-membrane.pdb" /SUBSYSTEM:CONSOLE /TLBID:1 /DYNAMICBASE:NO /IMPLIB:"Debug\50 - GEL-membrane.lib" /MACHINE:X86 "Debug\50 - GEL-membrane.exe.embed.manifest.res"
         "Debug\50-GEL-membrane.obj"
         Debug\stdafx.obj
         "C:\Users\Jake\Desktop\chai3d\lib\msvc9\chai3d-debug.lib"
       Manifest:
         C:\Program Files (x86)\Microsoft SDKs\Windows\v7.0A\bin\mt.exe /nologo /verbose /out:"Debug\50 - GEL-membrane.exe.embed.manifest" /manifest "Debug\50 - GEL-membrane.exe.intermediate.manifest"
         C:\Program Files (x86)\Microsoft SDKs\Windows\v7.0A\bin\rc.exe /nologo /fo"Debug\50 - GEL-membrane.exe.embed.manifest.res" "Debug\50 - GEL-membrane_manifest.rc" 
       LinkEmbedManifest:
         C:\Program Files (x86)\Microsoft Visual Studio 10.0\VC\bin\link.exe /ERRORREPORT:PROMPT /OUT:"../../../bin/50-GEL-membrane.exe" /INCREMENTAL /NOLOGO /LIBPATH:../../../lib/msvc9 /LIBPATH:../../../external/OpenGL/msvc winmm.lib opengl32.lib "chai3d-debug.lib" glu32.lib odbc32.lib odbccp32.lib kernel32.lib user32.lib gdi32.lib winspool.lib comdlg32.lib advapi32.lib shell32.lib ole32.lib oleaut32.lib uuid.lib odbc32.lib odbccp32.lib /MANIFEST /ManifestFile:"Debug\50 - GEL-membrane.exe.intermediate.manifest" /MANIFESTUAC:"level='asInvoker' uiAccess='false'" /DEBUG /PDB:"Debug\GEL-membrane.pdb" /SUBSYSTEM:CONSOLE /TLBID:1 /DYNAMICBASE:NO /IMPLIB:"Debug\50 - GEL-membrane.lib" /MACHINE:X86 "Debug\50 - GEL-membrane.exe.embed.manifest.res"
         "Debug\50-GEL-membrane.obj"
         Debug\stdafx.obj
         "C:\Users\Jake\Desktop\chai3d\lib\msvc9\chai3d-debug.lib"
         GEL-membrane.vcxproj -> C:\Users\Jake\Desktop\chai3d\examples\msvc9\50-GEL-membrane\Debug\50 - GEL-membrane.exe
       FinalizeBuildStatus:
         Deleting file "Debug\50 - GEL-membrane.unsuccessfulbuild".
         Touching "Debug\50 - GEL-membrane.lastbuildstate".
     1>Done Building Project "C:\Users\Jake\Desktop\chai3d\examples\msvc9\50-GEL-membrane\GEL-membrane.vcxproj" (build target(s)).

Build succeeded.

Time Elapsed 00:00:07.11
