Build started 14/03/2014 2:39:21 AM.
     1>Project "C:\FYDP\chai3d\examples\msvc9\40-ODE-cube\ode-cube.vcxproj" on node 3 (build target(s)).
     1>InitializeBuildStatus:
         Creating "Debug\40 - ODE-cube.unsuccessfulbuild" because "AlwaysCreate" was specified.
       ClCompile:
         All outputs are up-to-date.
         All outputs are up-to-date.
       ManifestResourceCompile:
         All outputs are up-to-date.
     1>C:\Program Files (x86)\MSBuild\Microsoft.Cpp\v4.0\Microsoft.CppBuild.targets(990,5): warning MSB8012: TargetPath(C:\FYDP\chai3d\examples\msvc9\40-ODE-cube\Debug\40 - ODE-cube.exe) does not match the Linker's OutputFile property value (C:\FYDP\chai3d\bin\40-ODE-cube.exe). This may cause your project to build incorrectly. To correct this, please make sure that $(OutDir), $(TargetName) and $(TargetExt) property values match the value specified in %(Link.OutputFile).
     1>C:\Program Files (x86)\MSBuild\Microsoft.Cpp\v4.0\Microsoft.CppBuild.targets(992,5): warning MSB8012: TargetName(40 - ODE-cube) does not match the Linker's OutputFile property value (40-ODE-cube). This may cause your project to build incorrectly. To correct this, please make sure that $(OutDir), $(TargetName) and $(TargetExt) property values match the value specified in %(Link.OutputFile).
       Link:
         All outputs are up-to-date.
       Manifest:
         All outputs are up-to-date.
       FinalizeBuildStatus:
         Deleting file "Debug\40 - ODE-cube.unsuccessfulbuild".
         Touching "Debug\40 - ODE-cube.lastbuildstate".
     1>Done Building Project "C:\FYDP\chai3d\examples\msvc9\40-ODE-cube\ode-cube.vcxproj" (build target(s)).

Build succeeded.

Time Elapsed 00:00:00.58
