[dhdDelta():02.39.25.0005] - Did not find FalconCommon.txt
[dhdComUSB::dhdComUSB():02.39.25.0006] - Constructor
[dhdDelta():02.39.25.0008] - Did not find FalconCommon.txt
[dhdComUSB::dhdComUSB():02.39.25.0008] - Constructor
[dhdDelta():02.39.25.0010] - Did not find FalconCommon.txt
[dhdComUSB::dhdComUSB():02.39.25.0010] - Constructor
[dhdDelta():02.39.25.0012] - Did not find FalconCommon.txt
[dhdComUSB::dhdComUSB():02.39.25.0012] - Constructor
[dhdDelta():02.39.25.0014] - Did not find FalconCommon.txt
[dhdComUSB::dhdComUSB():02.39.25.0014] - Constructor
[dhdDelta():02.39.25.0016] - Did not find FalconCommon.txt
[dhdComUSB::dhdComUSB():02.39.25.0016] - Constructor
[dhdDelta():02.39.25.0018] - Did not find FalconCommon.txt
[dhdComUSB::dhdComUSB():02.39.25.0018] - Constructor
[dhdDelta():02.39.25.0020] - Did not find FalconCommon.txt
[dhdComUSB::dhdComUSB():02.39.25.0020] - Constructor
[dhdDelta():02.39.25.0022] - Did not find FalconCommon.txt
[dhdComUSB::dhdComUSB():02.39.25.0023] - Constructor
[dhdDelta():02.39.25.0025] - Did not find FalconCommon.txt
[dhdComUSB::dhdComUSB():02.39.25.0025] - Constructor
[dhdOpenWithReset():02.39.25.1554] - currentDevice = 0, l_serNum = 1500044D, is NOT smart
[dhdOpenWithReset():02.39.25.2050] - l_serNum after getFileName = 1500044D
[dhdOpenWithReset():02.39.25.2058] - Found falcon_12_0101.bin at C:\Program Files (x86)\Novint\Falcon\HDAL\bin\falcon_12_0101.bin
[dhdOpenWithReset():02.39.25.2058] - comUSB[0]open(1500044D, C:\Program Files (x86)\Novint\Falcon\HDAL\bin\falcon_12_0101.bin, False)
[dhdComUSB::open():02.39.25.2058] - Open(C:\Program Files (x86)\Novint\Falcon\HDAL\bin\falcon_12_0101.bin, false)
[dhdComUSB::open():02.39.25.2124] - OpenUSBPort succeeded after 1 tries
[dhdComUSB::open():02.39.25.2124] - deviceType = 0
[dhdComUSB::open():02.39.25.2124] - deviceID   = 67357512d
[dhdComUSB::open():02.39.25.2124] - deviceSN   = 1500044D
[dhdComUSB::open():02.39.25.2124] - deviceDesc = FALCON HAPTIC
[dhdComUSB::OpenDeviceCommunications():02.39.25.2133] - Set Baud Rate Status: 0
[dhdComUSB::OpenDeviceCommunications():02.39.25.2425] - update() okay after 1 updates
[dhdComUSB::OpenDeviceCommunications():02.39.25.2426] - Returning 0
[dhdComUSB::changeGrip():02.39.25.4426] - New Grip: G_A
[dhdComUSB::changeGrip():02.39.25.4429] - Started grip change
[changeGripThreadFunc::02.39.25.4624] - deleting old grip object
[changeGripThreadFunc::02.39.25.4625] - Loading grip type G_A
[changeGripThreadFunc::02.39.25.4718] - Loading delta
[dhdDelta():02.39.25.4722] - Did not find FalconCommon.txt
[changeGripThreadFunc::02.39.25.4722] - Done loading new grip
[dhdComUSB::processData():02.39.25.4916] - G_A
[dhdComUSB::tryCalibration():02.39.25.5725] - HomeDisabled, LED Blue
[dhdComUSB::processData():02.39.26.9397] - G_A
[dhdComUSB::dhdComUSB():02.42.30.1931] - Constructor
[dhdComUSB::close():02.42.30.1931] - Closed
