Build started 06/03/2014 10:18:40 PM.
     1>Project "C:\FYDP\chai3d\examples\msvc9\23-tooth\tooth.vcxproj" on node 3 (build target(s)).
     1>InitializeBuildStatus:
         Creating "Debug\23 - tooth.unsuccessfulbuild" because "AlwaysCreate" was specified.
       ClCompile:
         All outputs are up-to-date.
         C:\Program Files (x86)\Microsoft Visual Studio 10.0\VC\bin\CL.exe /c /I../../../src /I../../../external/OpenGL/msvc /ZI /nologo /W3 /WX- /Od /Oy- /D WIN32 /D _DEBUG /D _CONSOLE /D _MSVC /D WINVER=0X0500 /D _VC80_UPGRADE=0x0710 /D _MBCS /Gm /EHsc /RTC1 /MDd /GS /fp:precise /Zc:wchar_t /Zc:forScope /GR /Fo"Debug\\" /Fd"Debug\vc100.pdb" /Gd /TP /analyze- /errorReport:prompt "src\23-tooth.cpp"
         23-tooth.cpp
       ManifestResourceCompile:
         All outputs are up-to-date.
     1>C:\Program Files (x86)\MSBuild\Microsoft.Cpp\v4.0\Microsoft.CppBuild.targets(990,5): warning MSB8012: TargetPath(C:\FYDP\chai3d\examples\msvc9\23-tooth\Debug\23 - tooth.exe) does not match the Linker's OutputFile property value (C:\FYDP\chai3d\bin\23-tooth.exe). This may cause your project to build incorrectly. To correct this, please make sure that $(OutDir), $(TargetName) and $(TargetExt) property values match the value specified in %(Link.OutputFile).
     1>C:\Program Files (x86)\MSBuild\Microsoft.Cpp\v4.0\Microsoft.CppBuild.targets(992,5): warning MSB8012: TargetName(23 - tooth) does not match the Linker's OutputFile property value (23-tooth). This may cause your project to build incorrectly. To correct this, please make sure that $(OutDir), $(TargetName) and $(TargetExt) property values match the value specified in %(Link.OutputFile).
       Link:
         C:\Program Files (x86)\Microsoft Visual Studio 10.0\VC\bin\link.exe /ERRORREPORT:PROMPT /OUT:"../../../bin/23-tooth.exe" /INCREMENTAL /NOLOGO /LIBPATH:../../../lib/msvc9 /LIBPATH:../../../external/OpenGL/msvc winmm.lib opengl32.lib "chai3d-debug.lib" glu32.lib odbc32.lib odbccp32.lib kernel32.lib user32.lib gdi32.lib winspool.lib comdlg32.lib advapi32.lib shell32.lib ole32.lib oleaut32.lib uuid.lib odbc32.lib odbccp32.lib /MANIFEST /ManifestFile:"Debug\23 - tooth.exe.intermediate.manifest" /MANIFESTUAC:"level='asInvoker' uiAccess='false'" /DEBUG /PDB:"Debug\tooth.pdb" /SUBSYSTEM:CONSOLE /TLBID:1 /DYNAMICBASE:NO /IMPLIB:"Debug\23 - tooth.lib" /MACHINE:X86 "Debug\23 - tooth.exe.embed.manifest.res"
         "Debug\23-tooth.obj"
         Debug\Serial.obj
         Debug\stdafx.obj
         "C:\FYDP\chai3d\lib\msvc9\chai3d-debug.lib"
       Manifest:
         C:\Program Files (x86)\Microsoft SDKs\Windows\v7.0A\bin\mt.exe /nologo /verbose /out:"Debug\23 - tooth.exe.embed.manifest" /manifest "Debug\23 - tooth.exe.intermediate.manifest"
         All outputs are up-to-date.
       LinkEmbedManifest:
         All outputs are up-to-date.
         tooth.vcxproj -> C:\FYDP\chai3d\examples\msvc9\23-tooth\Debug\23 - tooth.exe
       FinalizeBuildStatus:
         Deleting file "Debug\23 - tooth.unsuccessfulbuild".
         Touching "Debug\23 - tooth.lastbuildstate".
     1>Done Building Project "C:\FYDP\chai3d\examples\msvc9\23-tooth\tooth.vcxproj" (build target(s)).

Build succeeded.

Time Elapsed 00:00:03.64
