[dhdDelta():14.56.08.0005] - Did not find FalconCommon.txt
[dhdComUSB::dhdComUSB():14.56.08.0006] - Constructor
[dhdDelta():14.56.08.0009] - Did not find FalconCommon.txt
[dhdComUSB::dhdComUSB():14.56.08.0009] - Constructor
[dhdDelta():14.56.08.0011] - Did not find FalconCommon.txt
[dhdComUSB::dhdComUSB():14.56.08.0011] - Constructor
[dhdDelta():14.56.08.0013] - Did not find FalconCommon.txt
[dhdComUSB::dhdComUSB():14.56.08.0013] - Constructor
[dhdDelta():14.56.08.0016] - Did not find FalconCommon.txt
[dhdComUSB::dhdComUSB():14.56.08.0016] - Constructor
[dhdDelta():14.56.08.0018] - Did not find FalconCommon.txt
[dhdComUSB::dhdComUSB():14.56.08.0018] - Constructor
[dhdDelta():14.56.08.0020] - Did not find FalconCommon.txt
[dhdComUSB::dhdComUSB():14.56.08.0021] - Constructor
[dhdDelta():14.56.08.0023] - Did not find FalconCommon.txt
[dhdComUSB::dhdComUSB():14.56.08.0023] - Constructor
[dhdDelta():14.56.08.0025] - Did not find FalconCommon.txt
[dhdComUSB::dhdComUSB():14.56.08.0025] - Constructor
[dhdDelta():14.56.08.0027] - Did not find FalconCommon.txt
[dhdComUSB::dhdComUSB():14.56.08.0027] - Constructor
[dhdOpenWithReset():14.56.08.1520] - currentDevice = 0, l_serNum = 1500044D, is NOT smart
[dhdOpenWithReset():14.56.08.1965] - l_serNum after getFileName = 1500044D
[dhdOpenWithReset():14.56.08.1985] - Found falcon_12_0101.bin at C:\Program Files (x86)\Novint\Falcon\HDAL\bin\falcon_12_0101.bin
[dhdOpenWithReset():14.56.08.1985] - comUSB[0]open(1500044D, C:\Program Files (x86)\Novint\Falcon\HDAL\bin\falcon_12_0101.bin, False)
[dhdComUSB::open():14.56.08.1986] - Open(C:\Program Files (x86)\Novint\Falcon\HDAL\bin\falcon_12_0101.bin, false)
[dhdComUSB::open():14.56.08.2060] - OpenUSBPort succeeded after 1 tries
[dhdComUSB::open():14.56.08.2062] - deviceType = 0
[dhdComUSB::open():14.56.08.2063] - deviceID   = 67357512d
[dhdComUSB::open():14.56.08.2063] - deviceSN   = 1500044D
[dhdComUSB::open():14.56.08.2064] - deviceDesc = FALCON HAPTIC
[dhdComUSB::OpenDeviceCommunications():14.56.08.2070] - Set Baud Rate Status: 0
[dhdComUSB::OpenDeviceCommunications():14.56.08.2363] - update() okay after 1 updates
[dhdComUSB::OpenDeviceCommunications():14.56.08.2364] - Returning 0
[dhdComUSB::changeGrip():14.56.08.4364] - New Grip: G_A
[dhdComUSB::changeGrip():14.56.08.4366] - Started grip change
[changeGripThreadFunc::14.56.08.4373] - deleting old grip object
[changeGripThreadFunc::14.56.08.4374] - Loading grip type G_A
[changeGripThreadFunc::14.56.08.4449] - Loading delta
[dhdDelta():14.56.08.4453] - Did not find FalconCommon.txt
[changeGripThreadFunc::14.56.08.4453] - Done loading new grip
[dhdComUSB::processData():14.56.08.4675] - G_NONE
[dhdComUSB::changeGrip():14.56.08.4676] - New Grip: G_NONE
[dhdComUSB::changeGrip():14.56.08.4677] - Started grip change
[changeGripThreadFunc::14.56.08.4685] - deleting old grip object
[changeGripThreadFunc::14.56.08.4690] - Done loading new grip
[dhdComUSB::processData():14.56.08.4745] - G_A
[dhdComUSB::changeGrip():14.56.08.4745] - New Grip: G_A
[dhdComUSB::changeGrip():14.56.08.4746] - Started grip change
[changeGripThreadFunc::14.56.08.4755] - deleting old grip object
[changeGripThreadFunc::14.56.08.4756] - Loading grip type G_A
[changeGripThreadFunc::14.56.08.4826] - Loading delta
[dhdDelta():14.56.08.4829] - Did not find FalconCommon.txt
[changeGripThreadFunc::14.56.08.4830] - Done loading new grip
[dhdComUSB::tryCalibration():14.56.08.5512] - HomeDisabled, LED Blue
[dhdComUSB::processData():14.56.10.9585] - G_A
[dhdComUSB::processData():14.56.12.8525] - G_NONE
[dhdComUSB::changeGrip():14.56.12.8526] - New Grip: G_NONE
[dhdComUSB::changeGrip():14.56.12.8529] - Started grip change
[changeGripThreadFunc::14.56.12.8549] - deleting old grip object
[changeGripThreadFunc::14.56.12.8562] - Done loading new grip
[dhdComUSB::processData():14.56.13.3526] - G_A
[dhdComUSB::changeGrip():14.56.13.3526] - New Grip: G_A
[dhdComUSB::changeGrip():14.56.13.3528] - Started grip change
[changeGripThreadFunc::14.56.13.3547] - deleting old grip object
[changeGripThreadFunc::14.56.13.3549] - Loading grip type G_A
[changeGripThreadFunc::14.56.13.3690] - Loading delta
[dhdDelta():14.56.13.3693] - Did not find FalconCommon.txt
[changeGripThreadFunc::14.56.13.3693] - Done loading new grip
[dhdComUSB::processData():14.56.16.3587] - G_NONE
[dhdComUSB::changeGrip():14.56.16.3588] - New Grip: G_NONE
[dhdComUSB::changeGrip():14.56.16.3590] - Started grip change
[changeGripThreadFunc::14.56.16.3611] - deleting old grip object
[changeGripThreadFunc::14.56.16.3624] - Done loading new grip
[dhdComUSB::processData():14.56.17.8608] - G_A
[dhdComUSB::changeGrip():14.56.17.8609] - New Grip: G_A
[dhdComUSB::changeGrip():14.56.17.8610] - Started grip change
[changeGripThreadFunc::14.56.17.8703] - deleting old grip object
[changeGripThreadFunc::14.56.17.8704] - Loading grip type G_A
[changeGripThreadFunc::14.56.17.8854] - Loading delta
[dhdDelta():14.56.17.8859] - Did not find FalconCommon.txt
[changeGripThreadFunc::14.56.17.8860] - Done loading new grip
[dhdComUSB::processData():14.56.18.8636] - G_NONE
[dhdComUSB::changeGrip():14.56.18.8638] - New Grip: G_NONE
[dhdComUSB::changeGrip():14.56.18.8644] - Started grip change
[changeGripThreadFunc::14.56.18.8674] - deleting old grip object
[changeGripThreadFunc::14.56.18.8687] - Done loading new grip
[dhdComUSB::processData():14.56.20.3618] - G_A
[dhdComUSB::changeGrip():14.56.20.3619] - New Grip: G_A
[dhdComUSB::changeGrip():14.56.20.3621] - Started grip change
[changeGripThreadFunc::14.56.20.3690] - deleting old grip object
[changeGripThreadFunc::14.56.20.3692] - Loading grip type G_A
[changeGripThreadFunc::14.56.20.3802] - Loading delta
[dhdDelta():14.56.20.3805] - Did not find FalconCommon.txt
[changeGripThreadFunc::14.56.20.3806] - Done loading new grip
[dhdComUSB::processData():14.56.21.8660] - G_NONE
[dhdComUSB::changeGrip():14.56.21.8661] - New Grip: G_NONE
[dhdComUSB::changeGrip():14.56.21.8664] - Started grip change
[changeGripThreadFunc::14.56.21.8707] - deleting old grip object
[changeGripThreadFunc::14.56.21.8716] - Done loading new grip
[dhdComUSB::processData():14.56.22.3662] - G_A
[dhdComUSB::changeGrip():14.56.22.3663] - New Grip: G_A
[dhdComUSB::changeGrip():14.56.22.3665] - Started grip change
[changeGripThreadFunc::14.56.22.3685] - deleting old grip object
[changeGripThreadFunc::14.56.22.3686] - Loading grip type G_A
[changeGripThreadFunc::14.56.22.3840] - Loading delta
[dhdDelta():14.56.22.3844] - Did not find FalconCommon.txt
[changeGripThreadFunc::14.56.22.3845] - Done loading new grip
[dhdComUSB::processData():14.56.22.8670] - G_NONE
[dhdComUSB::changeGrip():14.56.22.8671] - New Grip: G_NONE
[dhdComUSB::changeGrip():14.56.22.8672] - Started grip change
[changeGripThreadFunc::14.56.22.8703] - deleting old grip object
[changeGripThreadFunc::14.56.22.8709] - Done loading new grip
[dhdComUSB::processData():14.56.24.3690] - G_A
[dhdComUSB::changeGrip():14.56.24.3691] - New Grip: G_A
[dhdComUSB::changeGrip():14.56.24.3693] - Started grip change
[changeGripThreadFunc::14.56.24.3728] - deleting old grip object
[changeGripThreadFunc::14.56.24.3729] - Loading grip type G_A
[changeGripThreadFunc::14.56.24.3859] - Loading delta
[dhdDelta():14.56.24.3863] - Did not find FalconCommon.txt
[changeGripThreadFunc::14.56.24.3864] - Done loading new grip
[dhdComUSB::processData():14.56.24.8691] - G_NONE
[dhdComUSB::changeGrip():14.56.24.8692] - New Grip: G_NONE
[dhdComUSB::changeGrip():14.56.24.8694] - Started grip change
[changeGripThreadFunc::14.56.24.8715] - deleting old grip object
[changeGripThreadFunc::14.56.24.8722] - Done loading new grip
[dhdComUSB::processData():14.56.26.3711] - G_A
[dhdComUSB::changeGrip():14.56.26.3712] - New Grip: G_A
[dhdComUSB::changeGrip():14.56.26.3713] - Started grip change
[changeGripThreadFunc::14.56.26.3747] - deleting old grip object
[changeGripThreadFunc::14.56.26.3748] - Loading grip type G_A
[changeGripThreadFunc::14.56.26.3868] - Loading delta
[dhdDelta():14.56.26.3871] - Did not find FalconCommon.txt
[changeGripThreadFunc::14.56.26.3872] - Done loading new grip
[dhdComUSB::processData():14.56.26.8722] - G_NONE
[dhdComUSB::changeGrip():14.56.26.8723] - New Grip: G_NONE
[dhdComUSB::changeGrip():14.56.26.8724] - Started grip change
[changeGripThreadFunc::14.56.26.8754] - deleting old grip object
[changeGripThreadFunc::14.56.26.8760] - Done loading new grip
[dhdComUSB::processData():14.56.28.8754] - G_A
[dhdComUSB::changeGrip():14.56.28.8754] - New Grip: G_A
[dhdComUSB::changeGrip():14.56.28.8757] - Started grip change
[changeGripThreadFunc::14.56.28.8783] - deleting old grip object
[changeGripThreadFunc::14.56.28.8784] - Loading grip type G_A
[changeGripThreadFunc::14.56.28.8897] - Loading delta
[dhdDelta():14.56.28.8901] - Did not find FalconCommon.txt
[changeGripThreadFunc::14.56.28.8902] - Done loading new grip
[dhdComUSB::processData():14.56.29.3763] - G_NONE
[dhdComUSB::changeGrip():14.56.29.3764] - New Grip: G_NONE
[dhdComUSB::changeGrip():14.56.29.3766] - Started grip change
[changeGripThreadFunc::14.56.29.3778] - deleting old grip object
[changeGripThreadFunc::14.56.29.3786] - Done loading new grip
[dhdComUSB::processData():14.56.29.8753] - G_A
[dhdComUSB::changeGrip():14.56.29.8753] - New Grip: G_A
[dhdComUSB::changeGrip():14.56.29.8754] - Started grip change
[changeGripThreadFunc::14.56.29.8890] - deleting old grip object
[changeGripThreadFunc::14.56.29.8891] - Loading grip type G_A
[changeGripThreadFunc::14.56.29.9022] - Loading delta
[dhdDelta():14.56.29.9026] - Did not find FalconCommon.txt
[changeGripThreadFunc::14.56.29.9027] - Done loading new grip
[dhdComUSB::processData():14.56.30.3783] - G_NONE
[dhdComUSB::changeGrip():14.56.30.4067] - New Grip: G_NONE
[dhdComUSB::changeGrip():14.56.30.4069] - Started grip change
[changeGripThreadFunc::14.56.30.4105] - deleting old grip object
[changeGripThreadFunc::14.56.30.4117] - Done loading new grip
[dhdComUSB::processData():14.56.32.3804] - G_A
[dhdComUSB::changeGrip():14.56.32.3804] - New Grip: G_A
[dhdComUSB::changeGrip():14.56.32.3806] - Started grip change
[changeGripThreadFunc::14.56.32.3847] - deleting old grip object
[changeGripThreadFunc::14.56.32.3849] - Loading grip type G_A
[changeGripThreadFunc::14.56.32.3950] - Loading delta
[dhdDelta():14.56.32.3955] - Did not find FalconCommon.txt
[changeGripThreadFunc::14.56.32.3956] - Done loading new grip
[dhdComUSB::processData():14.56.32.8814] - G_NONE
[dhdComUSB::changeGrip():14.56.32.8815] - New Grip: G_NONE
[dhdComUSB::changeGrip():14.56.32.8816] - Started grip change
[changeGripThreadFunc::14.56.32.8837] - deleting old grip object
[changeGripThreadFunc::14.56.32.8844] - Done loading new grip
[dhdComUSB::processData():14.56.33.8814] - G_A
[dhdComUSB::changeGrip():14.56.33.8815] - New Grip: G_A
[dhdComUSB::changeGrip():14.56.33.8817] - Started grip change
[changeGripThreadFunc::14.56.33.8936] - deleting old grip object
[changeGripThreadFunc::14.56.33.8937] - Loading grip type G_A
[changeGripThreadFunc::14.56.33.9011] - Loading delta
[dhdDelta():14.56.33.9014] - Did not find FalconCommon.txt
[changeGripThreadFunc::14.56.33.9016] - Done loading new grip
[dhdComUSB::processData():14.56.37.8876] - G_NONE
[dhdComUSB::changeGrip():14.56.37.8877] - New Grip: G_NONE
[dhdComUSB::changeGrip():14.56.37.8879] - Started grip change
[changeGripThreadFunc::14.56.37.8907] - deleting old grip object
[changeGripThreadFunc::14.56.37.8914] - Done loading new grip
[dhdComUSB::processData():14.56.38.3887] - G_A
[dhdComUSB::changeGrip():14.56.38.3888] - New Grip: G_A
[dhdComUSB::changeGrip():14.56.38.3890] - Started grip change
[changeGripThreadFunc::14.56.38.3920] - deleting old grip object
[changeGripThreadFunc::14.56.38.3921] - Loading grip type G_A
[changeGripThreadFunc::14.56.38.5168] - Loading delta
[dhdDelta():14.56.38.5171] - Did not find FalconCommon.txt
[changeGripThreadFunc::14.56.38.5172] - Done loading new grip
[dhdComUSB::processData():14.56.38.8876] - G_NONE
[dhdComUSB::changeGrip():14.56.38.8877] - New Grip: G_NONE
[dhdComUSB::changeGrip():14.56.38.8879] - Started grip change
[changeGripThreadFunc::14.56.38.9049] - deleting old grip object
[changeGripThreadFunc::14.56.38.9058] - Done loading new grip
[dhdComUSB::processData():14.56.39.3888] - G_A
[dhdComUSB::changeGrip():14.56.39.3889] - New Grip: G_A
[dhdComUSB::changeGrip():14.56.39.3892] - Started grip change
[changeGripThreadFunc::14.56.39.3920] - deleting old grip object
[changeGripThreadFunc::14.56.39.3921] - Loading grip type G_A
[changeGripThreadFunc::14.56.39.4052] - Loading delta
[dhdDelta():14.56.39.4056] - Did not find FalconCommon.txt
[changeGripThreadFunc::14.56.39.4056] - Done loading new grip
[dhdComUSB::processData():14.56.40.8928] - G_NONE
[dhdComUSB::changeGrip():14.56.40.8929] - New Grip: G_NONE
[dhdComUSB::changeGrip():14.56.40.8930] - Started grip change
[changeGripThreadFunc::14.56.40.8959] - deleting old grip object
[changeGripThreadFunc::14.56.40.8966] - Done loading new grip
[dhdComUSB::processData():14.56.41.3918] - G_A
[dhdComUSB::changeGrip():14.56.41.3919] - New Grip: G_A
[dhdComUSB::changeGrip():14.56.41.3920] - Started grip change
[changeGripThreadFunc::14.56.41.3945] - deleting old grip object
[changeGripThreadFunc::14.56.41.3949] - Loading grip type G_A
[changeGripThreadFunc::14.56.41.4059] - Loading delta
[dhdDelta():14.56.41.4063] - Did not find FalconCommon.txt
[changeGripThreadFunc::14.56.41.4064] - Done loading new grip
[dhdComUSB::processData():14.56.41.8939] - G_NONE
[dhdComUSB::changeGrip():14.56.41.8941] - New Grip: G_NONE
[dhdComUSB::changeGrip():14.56.41.8944] - Started grip change
[changeGripThreadFunc::14.56.41.8973] - deleting old grip object
[changeGripThreadFunc::14.56.41.8979] - Done loading new grip
[dhdComUSB::processData():14.56.42.9090] - G_A
[dhdComUSB::changeGrip():14.56.42.9090] - New Grip: G_A
[dhdComUSB::changeGrip():14.56.42.9092] - Started grip change
[changeGripThreadFunc::14.56.42.9115] - deleting old grip object
[changeGripThreadFunc::14.56.42.9116] - Loading grip type G_A
[changeGripThreadFunc::14.56.42.9199] - Loading delta
[dhdDelta():14.56.42.9202] - Did not find FalconCommon.txt
[changeGripThreadFunc::14.56.42.9202] - Done loading new grip
[dhdComUSB::processData():14.56.43.3968] - G_NONE
[dhdComUSB::changeGrip():14.56.43.3969] - New Grip: G_NONE
[dhdComUSB::changeGrip():14.56.43.3970] - Started grip change
[changeGripThreadFunc::14.56.43.4043] - deleting old grip object
[changeGripThreadFunc::14.56.43.4053] - Done loading new grip
[dhdComUSB::processData():14.56.43.8949] - G_A
[dhdComUSB::changeGrip():14.56.43.8949] - New Grip: G_A
[dhdComUSB::changeGrip():14.56.43.8951] - Started grip change
[changeGripThreadFunc::14.56.43.8997] - deleting old grip object
[changeGripThreadFunc::14.56.43.8999] - Loading grip type G_A
[changeGripThreadFunc::14.56.43.9121] - Loading delta
[dhdDelta():14.56.43.9125] - Did not find FalconCommon.txt
[changeGripThreadFunc::14.56.43.9126] - Done loading new grip
[dhdComUSB::processData():14.56.44.3979] - G_NONE
[dhdComUSB::changeGrip():14.56.44.3980] - New Grip: G_NONE
[dhdComUSB::changeGrip():14.56.44.3981] - Started grip change
[changeGripThreadFunc::14.56.44.3996] - deleting old grip object
[changeGripThreadFunc::14.56.44.4003] - Done loading new grip
[dhdComUSB::processData():14.56.44.8969] - G_A
[dhdComUSB::changeGrip():14.56.44.8970] - New Grip: G_A
[dhdComUSB::changeGrip():14.56.44.8972] - Started grip change
[changeGripThreadFunc::14.56.44.8986] - deleting old grip object
[changeGripThreadFunc::14.56.44.8987] - Loading grip type G_A
[changeGripThreadFunc::14.56.44.9114] - Loading delta
[dhdDelta():14.56.44.9118] - Did not find FalconCommon.txt
[changeGripThreadFunc::14.56.44.9120] - Done loading new grip
[dhdComUSB::processData():14.56.45.9000] - G_NONE
[dhdComUSB::changeGrip():14.56.45.9001] - New Grip: G_NONE
[dhdComUSB::changeGrip():14.56.45.9002] - Started grip change
[changeGripThreadFunc::14.56.45.9019] - deleting old grip object
[changeGripThreadFunc::14.56.45.9033] - Done loading new grip
[dhdComUSB::processData():14.56.48.4011] - G_A
[dhdComUSB::changeGrip():14.56.48.4012] - New Grip: G_A
[dhdComUSB::changeGrip():14.56.48.4016] - Started grip change
[changeGripThreadFunc::14.56.48.4057] - deleting old grip object
[changeGripThreadFunc::14.56.48.4058] - Loading grip type G_A
[changeGripThreadFunc::14.56.48.4175] - Loading delta
[dhdDelta():14.56.48.4179] - Did not find FalconCommon.txt
[changeGripThreadFunc::14.56.48.4181] - Done loading new grip
[dhdComUSB::processData():14.56.50.4062] - G_NONE
[dhdComUSB::changeGrip():14.56.50.4119] - New Grip: G_NONE
[dhdComUSB::changeGrip():14.56.50.4120] - Started grip change
[changeGripThreadFunc::14.56.50.4196] - deleting old grip object
[changeGripThreadFunc::14.56.50.4207] - Done loading new grip
[dhdComUSB::processData():14.56.56.4124] - G_A
[dhdComUSB::changeGrip():14.56.56.4125] - New Grip: G_A
[dhdComUSB::changeGrip():14.56.56.4127] - Started grip change
[changeGripThreadFunc::14.56.56.4154] - deleting old grip object
[changeGripThreadFunc::14.56.56.4155] - Loading grip type G_A
[changeGripThreadFunc::14.56.56.4262] - Loading delta
[dhdDelta():14.56.56.4266] - Did not find FalconCommon.txt
[changeGripThreadFunc::14.56.56.4266] - Done loading new grip
[dhdComUSB::processData():14.56.56.9165] - G_NONE
[dhdComUSB::changeGrip():14.56.56.9166] - New Grip: G_NONE
[dhdComUSB::changeGrip():14.56.56.9168] - Started grip change
[changeGripThreadFunc::14.56.56.9190] - deleting old grip object
[changeGripThreadFunc::14.56.56.9196] - Done loading new grip
[dhdComUSB::processData():14.56.57.4137] - G_A
[dhdComUSB::changeGrip():14.56.57.4138] - New Grip: G_A
[dhdComUSB::changeGrip():14.56.57.4146] - Started grip change
[changeGripThreadFunc::14.56.57.4168] - deleting old grip object
[changeGripThreadFunc::14.56.57.4169] - Loading grip type G_A
[changeGripThreadFunc::14.56.57.4291] - Loading delta
[dhdDelta():14.56.57.4297] - Did not find FalconCommon.txt
[changeGripThreadFunc::14.56.57.4297] - Done loading new grip
[dhdComUSB::processData():14.56.57.9178] - G_NONE
[dhdComUSB::changeGrip():14.56.57.9179] - New Grip: G_NONE
[dhdComUSB::changeGrip():14.56.57.9182] - Started grip change
[changeGripThreadFunc::14.56.57.9210] - deleting old grip object
[changeGripThreadFunc::14.56.57.9220] - Done loading new grip
[dhdComUSB::processData():14.56.58.4155] - G_A
[dhdComUSB::changeGrip():14.56.58.4155] - New Grip: G_A
[dhdComUSB::changeGrip():14.56.58.4161] - Started grip change
[changeGripThreadFunc::14.56.58.4194] - deleting old grip object
[changeGripThreadFunc::14.56.58.4194] - Loading grip type G_A
[changeGripThreadFunc::14.56.58.4323] - Loading delta
[dhdDelta():14.56.58.4328] - Did not find FalconCommon.txt
[changeGripThreadFunc::14.56.58.4329] - Done loading new grip
[dhdComUSB::processData():14.56.58.9175] - G_NONE
[dhdComUSB::changeGrip():14.56.58.9176] - New Grip: G_NONE
[dhdComUSB::changeGrip():14.56.58.9178] - Started grip change
[changeGripThreadFunc::14.56.58.9200] - deleting old grip object
[changeGripThreadFunc::14.56.58.9211] - Done loading new grip
[dhdComUSB::processData():14.56.59.4167] - G_A
[dhdComUSB::changeGrip():14.56.59.4169] - New Grip: G_A
[dhdComUSB::changeGrip():14.56.59.4171] - Started grip change
[changeGripThreadFunc::14.56.59.4208] - deleting old grip object
[changeGripThreadFunc::14.56.59.4210] - Loading grip type G_A
[changeGripThreadFunc::14.56.59.4329] - Loading delta
[dhdDelta():14.56.59.4332] - Did not find FalconCommon.txt
[changeGripThreadFunc::14.56.59.4332] - Done loading new grip
[dhdComUSB::processData():14.56.59.9186] - G_NONE
[dhdComUSB::changeGrip():14.56.59.9187] - New Grip: G_NONE
[dhdComUSB::changeGrip():14.56.59.9189] - Started grip change
[changeGripThreadFunc::14.56.59.9205] - deleting old grip object
[changeGripThreadFunc::14.56.59.9214] - Done loading new grip
[dhdComUSB::processData():14.57.00.9210] - G_A
[dhdComUSB::changeGrip():14.57.00.9211] - New Grip: G_A
[dhdComUSB::changeGrip():14.57.00.9214] - Started grip change
[changeGripThreadFunc::14.57.00.9234] - deleting old grip object
[changeGripThreadFunc::14.57.00.9235] - Loading grip type G_A
[changeGripThreadFunc::14.57.00.9382] - Loading delta
[dhdDelta():14.57.00.9388] - Did not find FalconCommon.txt
[changeGripThreadFunc::14.57.00.9388] - Done loading new grip
[dhdComUSB::processData():14.57.01.4217] - G_NONE
[dhdComUSB::changeGrip():14.57.01.4218] - New Grip: G_NONE
[dhdComUSB::changeGrip():14.57.01.4220] - Started grip change
[changeGripThreadFunc::14.57.01.4241] - deleting old grip object
[changeGripThreadFunc::14.57.01.4266] - Done loading new grip
[dhdComUSB::processData():14.57.01.9207] - G_A
[dhdComUSB::changeGrip():14.57.01.9208] - New Grip: G_A
[dhdComUSB::changeGrip():14.57.01.9213] - Started grip change
[changeGripThreadFunc::14.57.01.9243] - deleting old grip object
[changeGripThreadFunc::14.57.01.9244] - Loading grip type G_A
[changeGripThreadFunc::14.57.01.9352] - Loading delta
[dhdDelta():14.57.01.9357] - Did not find FalconCommon.txt
[changeGripThreadFunc::14.57.01.9357] - Done loading new grip
[dhdComUSB::processData():14.57.02.4228] - G_NONE
[dhdComUSB::changeGrip():14.57.02.4229] - New Grip: G_NONE
[dhdComUSB::changeGrip():14.57.02.4231] - Started grip change
[changeGripThreadFunc::14.57.02.4256] - deleting old grip object
[changeGripThreadFunc::14.57.02.4266] - Done loading new grip
[dhdComUSB::processData():14.57.03.9227] - G_A
[dhdComUSB::changeGrip():14.57.03.9228] - New Grip: G_A
[dhdComUSB::changeGrip():14.57.03.9230] - Started grip change
[changeGripThreadFunc::14.57.03.9242] - deleting old grip object
[changeGripThreadFunc::14.57.03.9243] - Loading grip type G_A
[changeGripThreadFunc::14.57.03.9385] - Loading delta
[dhdDelta():14.57.03.9389] - Did not find FalconCommon.txt
[changeGripThreadFunc::14.57.03.9390] - Done loading new grip
[dhdComUSB::processData():14.57.05.4258] - G_NONE
[dhdComUSB::changeGrip():14.57.05.4259] - New Grip: G_NONE
[dhdComUSB::changeGrip():14.57.05.4261] - Started grip change
[changeGripThreadFunc::14.57.05.4288] - deleting old grip object
[changeGripThreadFunc::14.57.05.4297] - Done loading new grip
[dhdComUSB::processData():14.57.05.9264] - G_A
[dhdComUSB::changeGrip():14.57.05.9265] - New Grip: G_A
[dhdComUSB::changeGrip():14.57.05.9267] - Started grip change
[changeGripThreadFunc::14.57.05.9288] - deleting old grip object
[changeGripThreadFunc::14.57.05.9289] - Loading grip type G_A
[changeGripThreadFunc::14.57.05.9404] - Loading delta
[dhdDelta():14.57.05.9408] - Did not find FalconCommon.txt
[changeGripThreadFunc::14.57.05.9409] - Done loading new grip
[dhdComUSB::processData():14.57.08.9313] - G_NONE
[dhdComUSB::changeGrip():14.57.08.9313] - New Grip: G_NONE
[dhdComUSB::changeGrip():14.57.08.9318] - Started grip change
[changeGripThreadFunc::14.57.08.9349] - deleting old grip object
[changeGripThreadFunc::14.57.08.9357] - Done loading new grip
[dhdComUSB::processData():14.57.10.9321] - G_A
[dhdComUSB::changeGrip():14.57.10.9322] - New Grip: G_A
[dhdComUSB::changeGrip():14.57.10.9323] - Started grip change
[changeGripThreadFunc::14.57.10.9342] - deleting old grip object
[changeGripThreadFunc::14.57.10.9343] - Loading grip type G_A
[changeGripThreadFunc::14.57.10.9462] - Loading delta
[dhdDelta():14.57.10.9465] - Did not find FalconCommon.txt
[changeGripThreadFunc::14.57.10.9466] - Done loading new grip
[dhdComUSB::processData():14.57.15.4393] - G_NONE
[dhdComUSB::changeGrip():14.57.15.4393] - New Grip: G_NONE
[dhdComUSB::changeGrip():14.57.15.4395] - Started grip change
[changeGripThreadFunc::14.57.15.4412] - deleting old grip object
[changeGripThreadFunc::14.57.15.4417] - Done loading new grip
[dhdComUSB::processData():14.57.15.9405] - G_A
[dhdComUSB::changeGrip():14.57.15.9406] - New Grip: G_A
[dhdComUSB::changeGrip():14.57.15.9408] - Started grip change
[changeGripThreadFunc::14.57.15.9434] - deleting old grip object
[changeGripThreadFunc::14.57.15.9435] - Loading grip type G_A
[changeGripThreadFunc::14.57.15.9557] - Loading delta
[dhdDelta():14.57.15.9560] - Did not find FalconCommon.txt
[changeGripThreadFunc::14.57.15.9561] - Done loading new grip
[dhdComUSB::processData():14.57.16.4413] - G_NONE
[dhdComUSB::changeGrip():14.57.16.4414] - New Grip: G_NONE
[dhdComUSB::changeGrip():14.57.16.4416] - Started grip change
[changeGripThreadFunc::14.57.16.4431] - deleting old grip object
[changeGripThreadFunc::14.57.16.4440] - Done loading new grip
[dhdComUSB::processData():14.57.16.9413] - G_A
[dhdComUSB::changeGrip():14.57.16.9414] - New Grip: G_A
[dhdComUSB::changeGrip():14.57.16.9416] - Started grip change
[changeGripThreadFunc::14.57.16.9537] - deleting old grip object
[changeGripThreadFunc::14.57.16.9538] - Loading grip type G_A
[changeGripThreadFunc::14.57.16.9604] - Loading delta
[dhdDelta():14.57.16.9608] - Did not find FalconCommon.txt
[changeGripThreadFunc::14.57.16.9608] - Done loading new grip
[dhdComUSB::processData():14.57.18.9457] - G_NONE
[dhdComUSB::changeGrip():14.57.18.9458] - New Grip: G_NONE
[dhdComUSB::changeGrip():14.57.18.9459] - Started grip change
[changeGripThreadFunc::14.57.18.9474] - deleting old grip object
[changeGripThreadFunc::14.57.18.9482] - Done loading new grip
[dhdComUSB::processData():14.57.19.9454] - G_A
[dhdComUSB::changeGrip():14.57.19.9455] - New Grip: G_A
[dhdComUSB::changeGrip():14.57.19.9456] - Started grip change
[changeGripThreadFunc::14.57.19.9467] - deleting old grip object
[changeGripThreadFunc::14.57.19.9468] - Loading grip type G_A
[changeGripThreadFunc::14.57.19.9580] - Loading delta
[dhdDelta():14.57.19.9584] - Did not find FalconCommon.txt
[changeGripThreadFunc::14.57.19.9585] - Done loading new grip
[dhdComUSB::processData():14.57.22.9513] - G_NONE
[dhdComUSB::changeGrip():14.57.22.9514] - New Grip: G_NONE
[dhdComUSB::changeGrip():14.57.22.9515] - Started grip change
[changeGripThreadFunc::14.57.22.9555] - deleting old grip object
[changeGripThreadFunc::14.57.22.9562] - Done loading new grip
[dhdComUSB::processData():14.57.23.4506] - G_A
[dhdComUSB::changeGrip():14.57.23.4506] - New Grip: G_A
[dhdComUSB::changeGrip():14.57.23.4509] - Started grip change
[changeGripThreadFunc::14.57.23.4536] - deleting old grip object
[changeGripThreadFunc::14.57.23.4537] - Loading grip type G_A
[changeGripThreadFunc::14.57.23.4663] - Loading delta
[dhdDelta():14.57.23.4668] - Did not find FalconCommon.txt
[changeGripThreadFunc::14.57.23.4668] - Done loading new grip
[dhdComUSB::processData():14.57.23.9516] - G_NONE
[dhdComUSB::changeGrip():14.57.23.9516] - New Grip: G_NONE
[dhdComUSB::changeGrip():14.57.23.9519] - Started grip change
[changeGripThreadFunc::14.57.23.9535] - deleting old grip object
[changeGripThreadFunc::14.57.23.9543] - Done loading new grip
[dhdComUSB::processData():14.57.29.4599] - G_A
[dhdComUSB::changeGrip():14.57.29.4600] - New Grip: G_A
[dhdComUSB::changeGrip():14.57.29.4601] - Started grip change
[changeGripThreadFunc::14.57.29.4633] - deleting old grip object
[changeGripThreadFunc::14.57.29.4634] - Loading grip type G_A
[changeGripThreadFunc::14.57.29.4772] - Loading delta
[dhdDelta():14.57.29.4775] - Did not find FalconCommon.txt
[changeGripThreadFunc::14.57.29.4775] - Done loading new grip
[dhdComUSB::processData():14.57.30.9619] - G_NONE
[dhdComUSB::changeGrip():14.57.30.9620] - New Grip: G_NONE
[dhdComUSB::changeGrip():14.57.30.9621] - Started grip change
[changeGripThreadFunc::14.57.30.9998] - deleting old grip object
[changeGripThreadFunc::14.57.31.0055] - Done loading new grip
[dhdComUSB::processData():14.57.32.4630] - G_A
[dhdComUSB::changeGrip():14.57.32.4632] - New Grip: G_A
[dhdComUSB::changeGrip():14.57.32.4636] - Started grip change
[changeGripThreadFunc::14.57.32.4655] - deleting old grip object
[changeGripThreadFunc::14.57.32.4656] - Loading grip type G_A
[changeGripThreadFunc::14.57.32.4766] - Loading delta
[dhdDelta():14.57.32.4772] - Did not find FalconCommon.txt
[changeGripThreadFunc::14.57.32.4772] - Done loading new grip
[dhdComUSB::processData():14.57.56.9983] - G_NONE
[dhdComUSB::changeGrip():14.57.56.9984] - New Grip: G_NONE
[dhdComUSB::changeGrip():14.57.56.9986] - Started grip change
[changeGripThreadFunc::14.57.57.0014] - deleting old grip object
[changeGripThreadFunc::14.57.57.0022] - Done loading new grip
[dhdComUSB::processData():14.58.52.5735] - G_A
[dhdComUSB::changeGrip():14.58.52.5736] - New Grip: G_A
[dhdComUSB::changeGrip():14.58.52.5738] - Started grip change
[changeGripThreadFunc::14.58.52.5754] - deleting old grip object
[changeGripThreadFunc::14.58.52.5755] - Loading grip type G_A
[changeGripThreadFunc::14.58.52.5872] - Loading delta
[dhdDelta():14.58.52.5876] - Did not find FalconCommon.txt
[changeGripThreadFunc::14.58.52.5876] - Done loading new grip
[dhdComUSB::processData():14.59.08.0971] - G_NONE
[dhdComUSB::changeGrip():14.59.08.0972] - New Grip: G_NONE
[dhdComUSB::changeGrip():14.59.08.0973] - Started grip change
[changeGripThreadFunc::14.59.08.0991] - deleting old grip object
[changeGripThreadFunc::14.59.08.0996] - Done loading new grip
[dhdComUSB::dhdComUSB():14.59.10.5614] - Constructor
[dhdComUSB::close():14.59.10.5614] - Closed
