Build started 2/22/2014 1:46:22 AM.
     1>Project "C:\Users\Jake\Desktop\chai3d\projects\msvc9\chai3d_complete.vcxproj" on node 2 (rebuild target(s)).
     1>_PrepareForClean:
         Deleting file ".\Debug\CHAI 3D.lastbuildstate".
       InitializeBuildStatus:
         Creating ".\Debug\CHAI 3D.unsuccessfulbuild" because "AlwaysCreate" was specified.
       ClCompile:
         C:\Program Files (x86)\Microsoft Visual Studio 10.0\VC\bin\CL.exe /c /I../../src /I../../external/ODE/include /I../../external/OpenGL/msvc /ZI /nologo /W3 /WX- /Od /Oy- /D _DEBUG /D WIN32 /D _LIB /D _MSVC /D _CRT_SECURE_NO_DEPRECATE /D dDOUBLE /D _VC80_UPGRADE=0x0710 /D _MBCS /Gm- /EHsc /RTC1 /MDd /GS /fp:precise /Zc:wchar_t /Zc:forScope /GR /Fo".\chai3d_complete___Win32_Debug/" /Fd".\chai3d_complete___Win32_Debug/vc100.pdb" /Gd /TP /wd4800 /analyze- /errorReport:prompt ..\..\src\collisions\CCollisionAABB.cpp ..\..\src\collisions\CCollisionAABBBox.cpp ..\..\src\collisions\CCollisionAABBTree.cpp ..\..\src\collisions\CCollisionBasics.cpp ..\..\src\collisions\CCollisionBrute.cpp ..\..\src\collisions\CCollisionSpheres.cpp ..\..\src\collisions\CCollisionSpheresGeometry.cpp ..\..\src\collisions\CGenericCollision.cpp ..\..\src\devices\CCallback.cpp ..\..\src\devices\CDeltaDevices.cpp ..\..\src\devices\CDriverSensoray626.cpp ..\..\src\devices\CDriverServotogo.cpp ..\..\src\devices\CFalconDevice.cpp ..\..\src\devices\CFreedom6SDevice.cpp ..\..\src\devices\CGenericDevice.cpp ..\..\src\devices\CGenericHapticDevice.cpp ..\..\src\devices\CHapticDeviceHandler.cpp ..\..\src\devices\CMyCustomDevice.cpp ..\..\src\devices\CPhantomDevices.cpp ..\..\src\devices\CVirtualDevice.cpp ..\..\src\display\CViewport.cpp ..\..\src\effects\CEffectMagnet.cpp ..\..\src\effects\CEffectStickSlip.cpp ..\..\src\effects\CEffectSurface.cpp ..\..\src\effects\CEffectVibration.cpp ..\..\src\effects\CEffectViscosity.cpp ..\..\src\effects\CGenericEffect.cpp ..\..\src\files\CFileLoader3DS.cpp ..\..\src\files\CFileLoaderBMP.cpp ..\..\src\files\CFileLoaderOBJ.cpp ..\..\src\files\CFileLoaderTGA.cpp ..\..\src\files\CImageLoader.cpp ..\..\src\files\CMeshLoader.cpp ..\..\src\forces\CGenericPointForceAlgo.cpp ..\..\src\forces\CInteractionBasics.cpp ..\..\src\forces\CPotentialFieldForceAlgo.cpp ..\..\src\forces\CProxyPointForceAlgo.cpp ..\..\src\graphics\CColor.cpp ..\..\src\graphics\CDraw3D.cpp ..\..\src\graphics\CGenericTexture.cpp ..\..\src\graphics\CMacrosGL.cpp ..\..\src\graphics\CMaterial.cpp ..\..\src\graphics\CTexture2D.cpp ..\..\src\graphics\CTriangle.cpp ..\..\src\graphics\CVertex.cpp ..\..\src\math\CMaths.cpp ..\..\src\math\CMatrix3d.cpp ..\..\src\math\CQuaternion.cpp ..\..\src\math\CString.cpp ..\..\src\math\CVector3d.cpp ..\..\src\scenegraph\CCamera.cpp ..\..\src\scenegraph\CGenericObject.cpp ..\..\src\scenegraph\CLight.cpp ..\..\src\scenegraph\CMesh.cpp ..\..\src\scenegraph\CShapeLine.cpp ..\..\src\scenegraph\CShapeSphere.cpp ..\..\src\scenegraph\CShapeTorus.cpp ..\..\src\scenegraph\CWorld.cpp ..\..\src\timers\CPrecisionClock.cpp ..\..\src\timers\CThread.cpp ..\..\src\tools\CGeneric3dofPointer.cpp ..\..\src\tools\CGenericTool.cpp ..\..\src\widgets\CBitmap.cpp ..\..\src\widgets\CFont.cpp ..\..\src\widgets\CLabel.cpp ..\..\src\extras\CExtras.cpp ..\..\modules\Gel\CGELLinearSpring.cpp ..\..\modules\Gel\CGELMassParticle.cpp ..\..\modules\Gel\CGELMesh.cpp ..\..\modules\Gel\CGELSkeletonLink.cpp ..\..\modules\Gel\CGELSkeletonNode.cpp ..\..\modules\Gel\CGELVertex.cpp ..\..\modules\Gel\CGELWorld.cpp ..\..\modules\Ode\CODEGenericBody.cpp ..\..\modules\Ode\CODEWorld.cpp
         CCollisionAABB.cpp
         CCollisionAABBBox.cpp
         CCollisionAABBTree.cpp
         CCollisionBasics.cpp
         CCollisionBrute.cpp
         CCollisionSpheres.cpp
         CCollisionSpheresGeometry.cpp
         CGenericCollision.cpp
         CCallback.cpp
         CDeltaDevices.cpp
         CDriverSensoray626.cpp
         CDriverServotogo.cpp
         CFalconDevice.cpp
         CFreedom6SDevice.cpp
         CGenericDevice.cpp
         CGenericHapticDevice.cpp
         CHapticDeviceHandler.cpp
         CMyCustomDevice.cpp
         CPhantomDevices.cpp
         CVirtualDevice.cpp
         Generating Code...
         Compiling...
         CViewport.cpp
         CEffectMagnet.cpp
         CEffectStickSlip.cpp
         CEffectSurface.cpp
         CEffectVibration.cpp
         CEffectViscosity.cpp
         CGenericEffect.cpp
         CFileLoader3DS.cpp
         CFileLoaderBMP.cpp
         CFileLoaderOBJ.cpp
         CFileLoaderTGA.cpp
         CImageLoader.cpp
         CMeshLoader.cpp
         CGenericPointForceAlgo.cpp
         CInteractionBasics.cpp
         CPotentialFieldForceAlgo.cpp
         CProxyPointForceAlgo.cpp
         CColor.cpp
         CDraw3D.cpp
         CGenericTexture.cpp
         Generating Code...
         Compiling...
         CMacrosGL.cpp
         CMaterial.cpp
         CTexture2D.cpp
         CTriangle.cpp
         CVertex.cpp
         CMaths.cpp
         CMatrix3d.cpp
         CQuaternion.cpp
         CString.cpp
         CVector3d.cpp
         CCamera.cpp
         CGenericObject.cpp
         CLight.cpp
         CMesh.cpp
         CShapeLine.cpp
         CShapeSphere.cpp
         CShapeTorus.cpp
         CWorld.cpp
         CPrecisionClock.cpp
         CThread.cpp
         Generating Code...
         Compiling...
         CGeneric3dofPointer.cpp
         CGenericTool.cpp
         CBitmap.cpp
         CFont.cpp
         CLabel.cpp
         CExtras.cpp
         CGELLinearSpring.cpp
         CGELMassParticle.cpp
         CGELMesh.cpp
         CGELSkeletonLink.cpp
         CGELSkeletonNode.cpp
         CGELVertex.cpp
         CGELWorld.cpp
         CODEGenericBody.cpp
         CODEWorld.cpp
         Generating Code...
     1>C:\Program Files (x86)\MSBuild\Microsoft.Cpp\v4.0\Microsoft.CppBuild.targets(1151,5): warning MSB8012: TargetPath(C:\Users\Jake\Desktop\chai3d\projects\msvc9\.\Debug\CHAI 3D.lib) does not match the Library's OutputFile property value (C:\Users\Jake\Desktop\chai3d\lib\msvc9\chai3d-debug.lib). This may cause your project to build incorrectly. To correct this, please make sure that $(OutDir), $(TargetName) and $(TargetExt) property values match the value specified in %(Lib.OutputFile).
     1>C:\Program Files (x86)\MSBuild\Microsoft.Cpp\v4.0\Microsoft.CppBuild.targets(1153,5): warning MSB8012: TargetName(CHAI 3D) does not match the Library's OutputFile property value (chai3d-debug). This may cause your project to build incorrectly. To correct this, please make sure that $(OutDir), $(TargetName) and $(TargetExt) property values match the value specified in %(Lib.OutputFile).
       Lib:
         C:\Program Files (x86)\Microsoft Visual Studio 10.0\VC\bin\Lib.exe /OUT:"../../lib/msvc9/chai3d-debug.lib" /NOLOGO /NODEFAULTLIB:"libmmd.lib libmmdd.lib" .\chai3d_complete___Win32_Debug/CCollisionAABB.obj
         .\chai3d_complete___Win32_Debug/CCollisionAABBBox.obj
         .\chai3d_complete___Win32_Debug/CCollisionAABBTree.obj
         .\chai3d_complete___Win32_Debug/CCollisionBasics.obj
         .\chai3d_complete___Win32_Debug/CCollisionBrute.obj
         .\chai3d_complete___Win32_Debug/CCollisionSpheres.obj
         .\chai3d_complete___Win32_Debug/CCollisionSpheresGeometry.obj
         .\chai3d_complete___Win32_Debug/CGenericCollision.obj
         .\chai3d_complete___Win32_Debug/CCallback.obj
         .\chai3d_complete___Win32_Debug/CDeltaDevices.obj
         .\chai3d_complete___Win32_Debug/CDriverSensoray626.obj
         .\chai3d_complete___Win32_Debug/CDriverServotogo.obj
         .\chai3d_complete___Win32_Debug/CFalconDevice.obj
         .\chai3d_complete___Win32_Debug/CFreedom6SDevice.obj
         .\chai3d_complete___Win32_Debug/CGenericDevice.obj
         .\chai3d_complete___Win32_Debug/CGenericHapticDevice.obj
         .\chai3d_complete___Win32_Debug/CHapticDeviceHandler.obj
         .\chai3d_complete___Win32_Debug/CMyCustomDevice.obj
         .\chai3d_complete___Win32_Debug/CPhantomDevices.obj
         .\chai3d_complete___Win32_Debug/CVirtualDevice.obj
         .\chai3d_complete___Win32_Debug/CViewport.obj
         .\chai3d_complete___Win32_Debug/CEffectMagnet.obj
         .\chai3d_complete___Win32_Debug/CEffectStickSlip.obj
         .\chai3d_complete___Win32_Debug/CEffectSurface.obj
         .\chai3d_complete___Win32_Debug/CEffectVibration.obj
         .\chai3d_complete___Win32_Debug/CEffectViscosity.obj
         .\chai3d_complete___Win32_Debug/CGenericEffect.obj
         .\chai3d_complete___Win32_Debug/CFileLoader3DS.obj
         .\chai3d_complete___Win32_Debug/CFileLoaderBMP.obj
         .\chai3d_complete___Win32_Debug/CFileLoaderOBJ.obj
         .\chai3d_complete___Win32_Debug/CFileLoaderTGA.obj
         .\chai3d_complete___Win32_Debug/CImageLoader.obj
         .\chai3d_complete___Win32_Debug/CMeshLoader.obj
         .\chai3d_complete___Win32_Debug/CGenericPointForceAlgo.obj
         .\chai3d_complete___Win32_Debug/CInteractionBasics.obj
         .\chai3d_complete___Win32_Debug/CPotentialFieldForceAlgo.obj
         .\chai3d_complete___Win32_Debug/CProxyPointForceAlgo.obj
         .\chai3d_complete___Win32_Debug/CColor.obj
         .\chai3d_complete___Win32_Debug/CDraw3D.obj
         .\chai3d_complete___Win32_Debug/CGenericTexture.obj
         .\chai3d_complete___Win32_Debug/CMacrosGL.obj
         .\chai3d_complete___Win32_Debug/CMaterial.obj
         .\chai3d_complete___Win32_Debug/CTexture2D.obj
         .\chai3d_complete___Win32_Debug/CTriangle.obj
         .\chai3d_complete___Win32_Debug/CVertex.obj
         .\chai3d_complete___Win32_Debug/CMaths.obj
         .\chai3d_complete___Win32_Debug/CMatrix3d.obj
         .\chai3d_complete___Win32_Debug/CQuaternion.obj
         .\chai3d_complete___Win32_Debug/CString.obj
         .\chai3d_complete___Win32_Debug/CVector3d.obj
         .\chai3d_complete___Win32_Debug/CCamera.obj
         .\chai3d_complete___Win32_Debug/CGenericObject.obj
         .\chai3d_complete___Win32_Debug/CLight.obj
         .\chai3d_complete___Win32_Debug/CMesh.obj
         .\chai3d_complete___Win32_Debug/CShapeLine.obj
         .\chai3d_complete___Win32_Debug/CShapeSphere.obj
         .\chai3d_complete___Win32_Debug/CShapeTorus.obj
         .\chai3d_complete___Win32_Debug/CWorld.obj
         .\chai3d_complete___Win32_Debug/CPrecisionClock.obj
         .\chai3d_complete___Win32_Debug/CThread.obj
         .\chai3d_complete___Win32_Debug/CGeneric3dofPointer.obj
         .\chai3d_complete___Win32_Debug/CGenericTool.obj
         .\chai3d_complete___Win32_Debug/CBitmap.obj
         .\chai3d_complete___Win32_Debug/CFont.obj
         .\chai3d_complete___Win32_Debug/CLabel.obj
         .\chai3d_complete___Win32_Debug/CExtras.obj
         .\chai3d_complete___Win32_Debug/CGELLinearSpring.obj
         .\chai3d_complete___Win32_Debug/CGELMassParticle.obj
         .\chai3d_complete___Win32_Debug/CGELMesh.obj
         .\chai3d_complete___Win32_Debug/CGELSkeletonLink.obj
         .\chai3d_complete___Win32_Debug/CGELSkeletonNode.obj
         .\chai3d_complete___Win32_Debug/CGELVertex.obj
         .\chai3d_complete___Win32_Debug/CGELWorld.obj
         .\chai3d_complete___Win32_Debug/CODEGenericBody.obj
         .\chai3d_complete___Win32_Debug/CODEWorld.obj
     1>CQuaternion.obj : warning LNK4221: This object file does not define any previously undefined public symbols, so it will not be used by any link operation that consumes this library
     1>CMatrix3d.obj : warning LNK4221: This object file does not define any previously undefined public symbols, so it will not be used by any link operation that consumes this library
     1>CMaths.obj : warning LNK4221: This object file does not define any previously undefined public symbols, so it will not be used by any link operation that consumes this library
     1>CVertex.obj : warning LNK4221: This object file does not define any previously undefined public symbols, so it will not be used by any link operation that consumes this library
     1>CTriangle.obj : warning LNK4221: This object file does not define any previously undefined public symbols, so it will not be used by any link operation that consumes this library
     1>CGenericTexture.obj : warning LNK4221: This object file does not define any previously undefined public symbols, so it will not be used by any link operation that consumes this library
     1>CInteractionBasics.obj : warning LNK4221: This object file does not define any previously undefined public symbols, so it will not be used by any link operation that consumes this library
     1>CCollisionBasics.obj : warning LNK4221: This object file does not define any previously undefined public symbols, so it will not be used by any link operation that consumes this library
     1>CCollisionAABBBox.obj : warning LNK4221: This object file does not define any previously undefined public symbols, so it will not be used by any link operation that consumes this library
         chai3d_complete.vcxproj -> C:\Users\Jake\Desktop\chai3d\projects\msvc9\.\Debug\CHAI 3D.lib
       FinalizeBuildStatus:
         Deleting file ".\Debug\CHAI 3D.unsuccessfulbuild".
         Touching ".\Debug\CHAI 3D.lastbuildstate".
     1>Done Building Project "C:\Users\Jake\Desktop\chai3d\projects\msvc9\chai3d_complete.vcxproj" (rebuild target(s)).

Build succeeded.

Time Elapsed 00:00:40.31
