C:\USERS\JAKE\DESKTOP\CHAI3D\LIB\MSVC9\CHAI3D-DEBUG.LIB
C:\USERS\JAKE\DESKTOP\CHAI3D\PROJECTS\MSVC9\CHAI3D_COMPLETE___WIN32_DEBUG\CBITMAP.OBJ
C:\USERS\JAKE\DESKTOP\CHAI3D\PROJECTS\MSVC9\CHAI3D_COMPLETE___WIN32_DEBUG\CCALLBACK.OBJ
C:\USERS\JAKE\DESKTOP\CHAI3D\PROJECTS\MSVC9\CHAI3D_COMPLETE___WIN32_DEBUG\CCAMERA.OBJ
C:\USERS\JAKE\DESKTOP\CHAI3D\PROJECTS\MSVC9\CHAI3D_COMPLETE___WIN32_DEBUG\CCOLLISIONAABB.OBJ
C:\USERS\JAKE\DESKTOP\CHAI3D\PROJECTS\MSVC9\CHAI3D_COMPLETE___WIN32_DEBUG\CCOLLISIONAABBBOX.OBJ
C:\USERS\JAKE\DESKTOP\CHAI3D\PROJECTS\MSVC9\CHAI3D_COMPLETE___WIN32_DEBUG\CCOLLISIONAABBTREE.OBJ
C:\USERS\JAKE\DESKTOP\CHAI3D\PROJECTS\MSVC9\CHAI3D_COMPLETE___WIN32_DEBUG\CCOLLISIONBASICS.OBJ
C:\USERS\JAKE\DESKTOP\CHAI3D\PROJECTS\MSVC9\CHAI3D_COMPLETE___WIN32_DEBUG\CCOLLISIONBRUTE.OBJ
C:\USERS\JAKE\DESKTOP\CHAI3D\PROJECTS\MSVC9\CHAI3D_COMPLETE___WIN32_DEBUG\CCOLLISIONSPHERES.OBJ
C:\USERS\JAKE\DESKTOP\CHAI3D\PROJECTS\MSVC9\CHAI3D_COMPLETE___WIN32_DEBUG\CCOLLISIONSPHERESGEOMETRY.OBJ
C:\USERS\JAKE\DESKTOP\CHAI3D\PROJECTS\MSVC9\CHAI3D_COMPLETE___WIN32_DEBUG\CCOLOR.OBJ
C:\USERS\JAKE\DESKTOP\CHAI3D\PROJECTS\MSVC9\CHAI3D_COMPLETE___WIN32_DEBUG\CDELTADEVICES.OBJ
C:\USERS\JAKE\DESKTOP\CHAI3D\PROJECTS\MSVC9\CHAI3D_COMPLETE___WIN32_DEBUG\CDRAW3D.OBJ
C:\USERS\JAKE\DESKTOP\CHAI3D\PROJECTS\MSVC9\CHAI3D_COMPLETE___WIN32_DEBUG\CDRIVERSENSORAY626.OBJ
C:\USERS\JAKE\DESKTOP\CHAI3D\PROJECTS\MSVC9\CHAI3D_COMPLETE___WIN32_DEBUG\CDRIVERSERVOTOGO.OBJ
C:\USERS\JAKE\DESKTOP\CHAI3D\PROJECTS\MSVC9\CHAI3D_COMPLETE___WIN32_DEBUG\CEFFECTMAGNET.OBJ
C:\USERS\JAKE\DESKTOP\CHAI3D\PROJECTS\MSVC9\CHAI3D_COMPLETE___WIN32_DEBUG\CEFFECTSTICKSLIP.OBJ
C:\USERS\JAKE\DESKTOP\CHAI3D\PROJECTS\MSVC9\CHAI3D_COMPLETE___WIN32_DEBUG\CEFFECTSURFACE.OBJ
C:\USERS\JAKE\DESKTOP\CHAI3D\PROJECTS\MSVC9\CHAI3D_COMPLETE___WIN32_DEBUG\CEFFECTVIBRATION.OBJ
C:\USERS\JAKE\DESKTOP\CHAI3D\PROJECTS\MSVC9\CHAI3D_COMPLETE___WIN32_DEBUG\CEFFECTVISCOSITY.OBJ
C:\USERS\JAKE\DESKTOP\CHAI3D\PROJECTS\MSVC9\CHAI3D_COMPLETE___WIN32_DEBUG\CEXTRAS.OBJ
C:\USERS\JAKE\DESKTOP\CHAI3D\PROJECTS\MSVC9\CHAI3D_COMPLETE___WIN32_DEBUG\CFALCONDEVICE.OBJ
C:\USERS\JAKE\DESKTOP\CHAI3D\PROJECTS\MSVC9\CHAI3D_COMPLETE___WIN32_DEBUG\CFILELOADER3DS.OBJ
C:\USERS\JAKE\DESKTOP\CHAI3D\PROJECTS\MSVC9\CHAI3D_COMPLETE___WIN32_DEBUG\CFILELOADERBMP.OBJ
C:\USERS\JAKE\DESKTOP\CHAI3D\PROJECTS\MSVC9\CHAI3D_COMPLETE___WIN32_DEBUG\CFILELOADEROBJ.OBJ
C:\USERS\JAKE\DESKTOP\CHAI3D\PROJECTS\MSVC9\CHAI3D_COMPLETE___WIN32_DEBUG\CFILELOADERTGA.OBJ
C:\USERS\JAKE\DESKTOP\CHAI3D\PROJECTS\MSVC9\CHAI3D_COMPLETE___WIN32_DEBUG\CFONT.OBJ
C:\USERS\JAKE\DESKTOP\CHAI3D\PROJECTS\MSVC9\CHAI3D_COMPLETE___WIN32_DEBUG\CFREEDOM6SDEVICE.OBJ
C:\USERS\JAKE\DESKTOP\CHAI3D\PROJECTS\MSVC9\CHAI3D_COMPLETE___WIN32_DEBUG\CGELLINEARSPRING.OBJ
C:\USERS\JAKE\DESKTOP\CHAI3D\PROJECTS\MSVC9\CHAI3D_COMPLETE___WIN32_DEBUG\CGELMASSPARTICLE.OBJ
C:\USERS\JAKE\DESKTOP\CHAI3D\PROJECTS\MSVC9\CHAI3D_COMPLETE___WIN32_DEBUG\CGELMESH.OBJ
C:\USERS\JAKE\DESKTOP\CHAI3D\PROJECTS\MSVC9\CHAI3D_COMPLETE___WIN32_DEBUG\CGELSKELETONLINK.OBJ
C:\USERS\JAKE\DESKTOP\CHAI3D\PROJECTS\MSVC9\CHAI3D_COMPLETE___WIN32_DEBUG\CGELSKELETONNODE.OBJ
C:\USERS\JAKE\DESKTOP\CHAI3D\PROJECTS\MSVC9\CHAI3D_COMPLETE___WIN32_DEBUG\CGELVERTEX.OBJ
C:\USERS\JAKE\DESKTOP\CHAI3D\PROJECTS\MSVC9\CHAI3D_COMPLETE___WIN32_DEBUG\CGELWORLD.OBJ
C:\USERS\JAKE\DESKTOP\CHAI3D\PROJECTS\MSVC9\CHAI3D_COMPLETE___WIN32_DEBUG\CGENERIC3DOFPOINTER.OBJ
C:\USERS\JAKE\DESKTOP\CHAI3D\PROJECTS\MSVC9\CHAI3D_COMPLETE___WIN32_DEBUG\CGENERICCOLLISION.OBJ
C:\USERS\JAKE\DESKTOP\CHAI3D\PROJECTS\MSVC9\CHAI3D_COMPLETE___WIN32_DEBUG\CGENERICDEVICE.OBJ
C:\USERS\JAKE\DESKTOP\CHAI3D\PROJECTS\MSVC9\CHAI3D_COMPLETE___WIN32_DEBUG\CGENERICEFFECT.OBJ
C:\USERS\JAKE\DESKTOP\CHAI3D\PROJECTS\MSVC9\CHAI3D_COMPLETE___WIN32_DEBUG\CGENERICHAPTICDEVICE.OBJ
C:\USERS\JAKE\DESKTOP\CHAI3D\PROJECTS\MSVC9\CHAI3D_COMPLETE___WIN32_DEBUG\CGENERICOBJECT.OBJ
C:\USERS\JAKE\DESKTOP\CHAI3D\PROJECTS\MSVC9\CHAI3D_COMPLETE___WIN32_DEBUG\CGENERICPOINTFORCEALGO.OBJ
C:\USERS\JAKE\DESKTOP\CHAI3D\PROJECTS\MSVC9\CHAI3D_COMPLETE___WIN32_DEBUG\CGENERICTEXTURE.OBJ
C:\USERS\JAKE\DESKTOP\CHAI3D\PROJECTS\MSVC9\CHAI3D_COMPLETE___WIN32_DEBUG\CGENERICTOOL.OBJ
C:\USERS\JAKE\DESKTOP\CHAI3D\PROJECTS\MSVC9\CHAI3D_COMPLETE___WIN32_DEBUG\CHAPTICDEVICEHANDLER.OBJ
C:\USERS\JAKE\DESKTOP\CHAI3D\PROJECTS\MSVC9\CHAI3D_COMPLETE___WIN32_DEBUG\CIMAGELOADER.OBJ
C:\USERS\JAKE\DESKTOP\CHAI3D\PROJECTS\MSVC9\CHAI3D_COMPLETE___WIN32_DEBUG\CINTERACTIONBASICS.OBJ
C:\USERS\JAKE\DESKTOP\CHAI3D\PROJECTS\MSVC9\CHAI3D_COMPLETE___WIN32_DEBUG\CLABEL.OBJ
C:\USERS\JAKE\DESKTOP\CHAI3D\PROJECTS\MSVC9\CHAI3D_COMPLETE___WIN32_DEBUG\CLIGHT.OBJ
C:\USERS\JAKE\DESKTOP\CHAI3D\PROJECTS\MSVC9\CHAI3D_COMPLETE___WIN32_DEBUG\CMACROSGL.OBJ
C:\USERS\JAKE\DESKTOP\CHAI3D\PROJECTS\MSVC9\CHAI3D_COMPLETE___WIN32_DEBUG\CMATERIAL.OBJ
C:\USERS\JAKE\DESKTOP\CHAI3D\PROJECTS\MSVC9\CHAI3D_COMPLETE___WIN32_DEBUG\CMATHS.OBJ
C:\USERS\JAKE\DESKTOP\CHAI3D\PROJECTS\MSVC9\CHAI3D_COMPLETE___WIN32_DEBUG\CMATRIX3D.OBJ
C:\USERS\JAKE\DESKTOP\CHAI3D\PROJECTS\MSVC9\CHAI3D_COMPLETE___WIN32_DEBUG\CMESH.OBJ
C:\USERS\JAKE\DESKTOP\CHAI3D\PROJECTS\MSVC9\CHAI3D_COMPLETE___WIN32_DEBUG\CMESHLOADER.OBJ
C:\USERS\JAKE\DESKTOP\CHAI3D\PROJECTS\MSVC9\CHAI3D_COMPLETE___WIN32_DEBUG\CMYCUSTOMDEVICE.OBJ
C:\USERS\JAKE\DESKTOP\CHAI3D\PROJECTS\MSVC9\CHAI3D_COMPLETE___WIN32_DEBUG\CODEGENERICBODY.OBJ
C:\USERS\JAKE\DESKTOP\CHAI3D\PROJECTS\MSVC9\CHAI3D_COMPLETE___WIN32_DEBUG\CODEWORLD.OBJ
C:\USERS\JAKE\DESKTOP\CHAI3D\PROJECTS\MSVC9\CHAI3D_COMPLETE___WIN32_DEBUG\CPHANTOMDEVICES.OBJ
C:\USERS\JAKE\DESKTOP\CHAI3D\PROJECTS\MSVC9\CHAI3D_COMPLETE___WIN32_DEBUG\CPOTENTIALFIELDFORCEALGO.OBJ
C:\USERS\JAKE\DESKTOP\CHAI3D\PROJECTS\MSVC9\CHAI3D_COMPLETE___WIN32_DEBUG\CPRECISIONCLOCK.OBJ
C:\USERS\JAKE\DESKTOP\CHAI3D\PROJECTS\MSVC9\CHAI3D_COMPLETE___WIN32_DEBUG\CPROXYPOINTFORCEALGO.OBJ
C:\USERS\JAKE\DESKTOP\CHAI3D\PROJECTS\MSVC9\CHAI3D_COMPLETE___WIN32_DEBUG\CQUATERNION.OBJ
C:\USERS\JAKE\DESKTOP\CHAI3D\PROJECTS\MSVC9\CHAI3D_COMPLETE___WIN32_DEBUG\CSHAPELINE.OBJ
C:\USERS\JAKE\DESKTOP\CHAI3D\PROJECTS\MSVC9\CHAI3D_COMPLETE___WIN32_DEBUG\CSHAPESPHERE.OBJ
C:\USERS\JAKE\DESKTOP\CHAI3D\PROJECTS\MSVC9\CHAI3D_COMPLETE___WIN32_DEBUG\CSHAPETORUS.OBJ
C:\USERS\JAKE\DESKTOP\CHAI3D\PROJECTS\MSVC9\CHAI3D_COMPLETE___WIN32_DEBUG\CSTRING.OBJ
C:\USERS\JAKE\DESKTOP\CHAI3D\PROJECTS\MSVC9\CHAI3D_COMPLETE___WIN32_DEBUG\CTEXTURE2D.OBJ
C:\USERS\JAKE\DESKTOP\CHAI3D\PROJECTS\MSVC9\CHAI3D_COMPLETE___WIN32_DEBUG\CTHREAD.OBJ
C:\USERS\JAKE\DESKTOP\CHAI3D\PROJECTS\MSVC9\CHAI3D_COMPLETE___WIN32_DEBUG\CTRIANGLE.OBJ
C:\USERS\JAKE\DESKTOP\CHAI3D\PROJECTS\MSVC9\CHAI3D_COMPLETE___WIN32_DEBUG\CVECTOR3D.OBJ
C:\USERS\JAKE\DESKTOP\CHAI3D\PROJECTS\MSVC9\CHAI3D_COMPLETE___WIN32_DEBUG\CVERTEX.OBJ
C:\USERS\JAKE\DESKTOP\CHAI3D\PROJECTS\MSVC9\CHAI3D_COMPLETE___WIN32_DEBUG\CVIEWPORT.OBJ
C:\USERS\JAKE\DESKTOP\CHAI3D\PROJECTS\MSVC9\CHAI3D_COMPLETE___WIN32_DEBUG\CVIRTUALDEVICE.OBJ
C:\USERS\JAKE\DESKTOP\CHAI3D\PROJECTS\MSVC9\CHAI3D_COMPLETE___WIN32_DEBUG\CWORLD.OBJ
C:\USERS\JAKE\DESKTOP\CHAI3D\PROJECTS\MSVC9\CHAI3D_COMPLETE___WIN32_DEBUG\VC100.PDB
C:\Users\Jake\Desktop\chai3d\projects\msvc9\Debug\cl.command.1.tlog
C:\Users\Jake\Desktop\chai3d\projects\msvc9\Debug\CL.read.1.tlog
C:\Users\Jake\Desktop\chai3d\projects\msvc9\Debug\CL.write.1.tlog
C:\Users\Jake\Desktop\chai3d\projects\msvc9\Debug\lib.command.1.tlog
C:\Users\Jake\Desktop\chai3d\projects\msvc9\Debug\Lib-link.read.1.tlog
C:\Users\Jake\Desktop\chai3d\projects\msvc9\Debug\Lib-link.write.1.tlog
