Build started 15/02/2014 1:13:40 PM.
     1>Project "C:\Users\Jake\Desktop\chai3d\examples\msvc9\22-chrome\chrome.vcxproj" on node 3 (build target(s)).
     1>InitializeBuildStatus:
         Creating "Debug\22 - chrome.unsuccessfulbuild" because "AlwaysCreate" was specified.
       ClCompile:
         C:\Program Files (x86)\Microsoft Visual Studio 10.0\VC\bin\CL.exe /c /I../../../src /I../../../external/OpenGL/msvc /ZI /nologo /W3 /WX- /Od /Oy- /D WIN32 /D _DEBUG /D _CONSOLE /D _MSVC /D WINVER=0X0500 /D _VC80_UPGRADE=0x0710 /D _MBCS /Gm /EHsc /RTC1 /MD /GS /fp:precise /Zc:wchar_t /Zc:forScope /GR /Yc"StdAfx.h" /Fp"Debug\22 - chrome.pch" /Fo"Debug\\" /Fd"Debug\vc100.pdb" /Gd /TP /analyze- /errorReport:prompt stdafx.cpp
         stdafx.cpp
         C:\Program Files (x86)\Microsoft Visual Studio 10.0\VC\bin\CL.exe /c /I../../../src /I../../../external/OpenGL/msvc /ZI /nologo /W3 /WX- /Od /Oy- /D WIN32 /D _DEBUG /D _CONSOLE /D _MSVC /D WINVER=0X0500 /D _VC80_UPGRADE=0x0710 /D _MBCS /Gm /EHsc /RTC1 /MD /GS /fp:precise /Zc:wchar_t /Zc:forScope /GR /Fo"Debug\\" /Fd"Debug\vc100.pdb" /Gd /TP /analyze- /errorReport:prompt "src\22-chrome.cpp"
         22-chrome.cpp
       ManifestResourceCompile:
         C:\Program Files (x86)\Microsoft SDKs\Windows\v7.0A\bin\rc.exe /nologo /fo"Debug\22 - chrome.exe.embed.manifest.res" "Debug\22 - chrome_manifest.rc" 
     1>C:\Program Files (x86)\MSBuild\Microsoft.Cpp\v4.0\Microsoft.CppBuild.targets(990,5): warning MSB8012: TargetPath(C:\Users\Jake\Desktop\chai3d\examples\msvc9\22-chrome\Debug\22 - chrome.exe) does not match the Linker's OutputFile property value (C:\Users\Jake\Desktop\chai3d\bin\22-chrome.exe). This may cause your project to build incorrectly. To correct this, please make sure that $(OutDir), $(TargetName) and $(TargetExt) property values match the value specified in %(Link.OutputFile).
     1>C:\Program Files (x86)\MSBuild\Microsoft.Cpp\v4.0\Microsoft.CppBuild.targets(992,5): warning MSB8012: TargetName(22 - chrome) does not match the Linker's OutputFile property value (22-chrome). This may cause your project to build incorrectly. To correct this, please make sure that $(OutDir), $(TargetName) and $(TargetExt) property values match the value specified in %(Link.OutputFile).
       Link:
         C:\Program Files (x86)\Microsoft Visual Studio 10.0\VC\bin\link.exe /ERRORREPORT:PROMPT /OUT:"../../../bin/22-chrome.exe" /INCREMENTAL /NOLOGO /LIBPATH:../../../lib/msvc9 /LIBPATH:../../../external/OpenGL/msvc winmm.lib opengl32.lib "chai3d-debug.lib" glu32.lib odbc32.lib odbccp32.lib kernel32.lib user32.lib gdi32.lib winspool.lib comdlg32.lib advapi32.lib shell32.lib ole32.lib oleaut32.lib uuid.lib odbc32.lib odbccp32.lib /MANIFEST /ManifestFile:"Debug\22 - chrome.exe.intermediate.manifest" /MANIFESTUAC:"level='asInvoker' uiAccess='false'" /DEBUG /PDB:"Debug\chrome.pdb" /SUBSYSTEM:CONSOLE /TLBID:1 /DYNAMICBASE:NO /IMPLIB:"Debug\22 - chrome.lib" /MACHINE:X86 "Debug\22 - chrome.exe.embed.manifest.res"
         "Debug\22-chrome.obj"
         Debug\stdafx.obj
         "C:\Users\Jake\Desktop\chai3d\lib\msvc9\chai3d-debug.lib"
     1>LINK : warning LNK4098: defaultlib 'MSVCRTD' conflicts with use of other libs; use /NODEFAULTLIB:library
       Manifest:
         C:\Program Files (x86)\Microsoft SDKs\Windows\v7.0A\bin\mt.exe /nologo /verbose /out:"Debug\22 - chrome.exe.embed.manifest" /manifest "Debug\22 - chrome.exe.intermediate.manifest"
         C:\Program Files (x86)\Microsoft SDKs\Windows\v7.0A\bin\rc.exe /nologo /fo"Debug\22 - chrome.exe.embed.manifest.res" "Debug\22 - chrome_manifest.rc" 
       LinkEmbedManifest:
         C:\Program Files (x86)\Microsoft Visual Studio 10.0\VC\bin\link.exe /ERRORREPORT:PROMPT /OUT:"../../../bin/22-chrome.exe" /INCREMENTAL /NOLOGO /LIBPATH:../../../lib/msvc9 /LIBPATH:../../../external/OpenGL/msvc winmm.lib opengl32.lib "chai3d-debug.lib" glu32.lib odbc32.lib odbccp32.lib kernel32.lib user32.lib gdi32.lib winspool.lib comdlg32.lib advapi32.lib shell32.lib ole32.lib oleaut32.lib uuid.lib odbc32.lib odbccp32.lib /MANIFEST /ManifestFile:"Debug\22 - chrome.exe.intermediate.manifest" /MANIFESTUAC:"level='asInvoker' uiAccess='false'" /DEBUG /PDB:"Debug\chrome.pdb" /SUBSYSTEM:CONSOLE /TLBID:1 /DYNAMICBASE:NO /IMPLIB:"Debug\22 - chrome.lib" /MACHINE:X86 "Debug\22 - chrome.exe.embed.manifest.res"
         "Debug\22-chrome.obj"
         Debug\stdafx.obj
         "C:\Users\Jake\Desktop\chai3d\lib\msvc9\chai3d-debug.lib"
     1>LINK : warning LNK4098: defaultlib 'MSVCRTD' conflicts with use of other libs; use /NODEFAULTLIB:library
         chrome.vcxproj -> C:\Users\Jake\Desktop\chai3d\examples\msvc9\22-chrome\Debug\22 - chrome.exe
       FinalizeBuildStatus:
         Deleting file "Debug\22 - chrome.unsuccessfulbuild".
         Touching "Debug\22 - chrome.lastbuildstate".
     1>Done Building Project "C:\Users\Jake\Desktop\chai3d\examples\msvc9\22-chrome\chrome.vcxproj" (build target(s)).

Build succeeded.

Time Elapsed 00:00:07.63
